storybook v8.2.2

info => Cleaning outputDir: ../../../../../var/folders/76/tz6p6rf14w726z4rt7w_1_q40000gn/T/chromatic--24007-qjo5Z7ylAdSL
info => Loading presets
WARN Could not resolve addon "@storybook/addon-interactions", skipping. Is it installed?
WARN Could not resolve addon "@storybook/addon-interactions", skipping. Is it installed?
info => Building manager..
info => Manager built (72 ms)
info => Building preview..
WARN No story files found for the specified pattern: components/stories/**/*.mdx
info Addon-docs: using MDX3
info => Using implicit CSS loaders
info => Using SWC as compiler
info => Using default Webpack5 setup
info Using tsconfig paths for react-docgen
WARN asset size limit: The following asset(s) exceed the recommended size limit (244 KiB).
WARN This can impact web performance.
WARN Assets: 
WARN   430.058598ba.iframe.bundle.js (2.07 MiB)
WARN   352.54e9579e.iframe.bundle.js (1010 KiB)
WARN entrypoint size limit: The following entrypoint(s) combined asset size exceeds the recommended limit (244 KiB). This can impact web performance.
WARN Entrypoints:
WARN   main (2.15 MiB)
WARN       runtime~main.9d76ffc6.iframe.bundle.js
WARN       430.058598ba.iframe.bundle.js
WARN       main.9006ffb6.iframe.bundle.js
WARN 
info => Preview built (6.19 s)
info => Output directory: /var/folders/76/tz6p6rf14w726z4rt7w_1_q40000gn/T/chromatic--24007-qjo5Z7ylAdSL
